[debug] > Exec(early(addDefaultCommands), None, None)
[debug] > Exec(addDefaultCommands, None, None)
[debug] > Exec(early(initialize), None, None)
[debug] > Exec(initialize, None, None)
[debug] > Exec(early(addPluginSbtFile="""C:\Users\mykol\AppData\Local\Temp\idea1.sbt"""), None, None)
[debug] > Exec(addPluginSbtFile="""C:\Users\mykol\AppData\Local\Temp\idea1.sbt""", None, None)
[debug] > Exec(boot, None, None)
[debug] > Exec(writeSbtVersion, None, None)
[debug] > Exec(reload, None, None)
[debug] > Exec(sbtStashOnFailure, None, None)
[debug] > Exec(onFailure loadFailed, None, None)
[debug] > Exec(loadp, None, None)
[info] welcome to sbt 1.10.3 (Oracle Corporation Java 22)
[debug]       Load.loadUnit: plugins took 115.421ms
[debug]       Load.loadUnit: defsScala took 0.3161ms
[debug] [Loading] Scanning directory C:\Users\mykol\.sbt\1.0\plugins
[debug] [Loading] Found non-root projects 
[debug] [Loading] Done in C:\Users\mykol\.sbt\1.0\plugins, returning: ()
[debug] deducing auto plugins based on known facts Set(Atom(sbt.plugins.CorePlugin)) and clauses Clauses(Clause(Atom(sbt.plugins.JvmPlugin),Set(Atom(sbt.plugins.IvyPlugin)))
[debug] Clause(Atom(sbt.ScriptedPlugin),Set(Atom(sbt.plugins.JvmPlugin)))
[debug] Clause(Atom(sbt.plugins.SbtPlugin),Set(Atom(sbt.ScriptedPlugin)))
[debug] Clause(Atom(sbt.plugins.SemanticdbPlugin),Set(Atom(sbt.plugins.JvmPlugin)))
[debug] Clause(Atom(sbt.plugins.JUnitXmlReportPlugin),Set(Atom(sbt.plugins.JvmPlugin)))
[debug] Clause(Atom(sbt.plugins.MiniDependencyTreePlugin),Set(Atom(sbt.plugins.JvmPlugin)))
[debug] Clause(Atom(sbt.plugins.CorePlugin),Set(Atom(sbt.plugins.IvyPlugin)))
[debug] Clause(Atom(sbt.plugins.IvyPlugin),Set(Atom(sbt.plugins.JvmPlugin)))
[debug] Clause(Atom(sbt.plugins.JvmPlugin),Set(Atom(sbt.plugins.SemanticdbPlugin)))
[debug] Clause(Atom(sbt.plugins.JvmPlugin),Set(Atom(sbt.plugins.JUnitXmlReportPlugin)))
[debug] Clause(Atom(sbt.plugins.CorePlugin),Set(Atom(sbt.plugins.Giter8TemplatePlugin)))
[debug] Clause(Atom(sbt.plugins.JvmPlugin),Set(Atom(sbt.plugins.MiniDependencyTreePlugin))))
[debug]   :: deduced result: Matched(sbt.plugins.CorePlugin,sbt.plugins.Giter8TemplatePlugin,sbt.plugins.IvyPlugin,sbt.plugins.JvmPlugin,sbt.plugins.MiniDependencyTreePlugin,sbt.plugins.JUnitXmlReportPlugin,sbt.plugins.SemanticdbPlugin)
[debug] Plugins.deducer#function took 18.3654 ms
[debug]           Load.resolveProject(global-plugins) took 46.9471ms
[debug]         Load.loadTransitive: finalizeProject(Project(id global-plugins, base: C:\Users\mykol\.sbt\1.0\plugins, plugins: List(<none>))) took 90.1908ms
[debug] [Loading] Done in C:\Users\mykol\.sbt\1.0\plugins, returning: (global-plugins)
[debug]       Load.loadUnit: loadedProjectsRaw took 122.2965ms
[debug]       Load.loadUnit: cleanEvalClasses took 0.3697ms
[debug]     Load.loadUnit(file:/C:/Users/mykol/.sbt/1.0/plugins/, ...) took 250.583ms
[debug]   Load.apply: load took 437.2214ms
[debug]   Load.apply: resolveProjects took 7.186ms
[debug]   Load.apply: finalTransforms took 60.949ms
[debug]   Load.apply: config.delegates took 8.7683ms
[debug]   Load.apply: Def.make(settings)... took 436.6822ms
[debug]   Load.apply: structureIndex took 132.9603ms
[debug]   Load.apply: mkStreams took 1.2679ms
[info] loading global plugins from C:\Users\mykol\.sbt\1.0\plugins
[debug] Running task... Cancel: Signal, check cycles: false, forcegc: true
[debug] Load.defaultLoad until apply took 2188.8766ms
[debug]           Load.loadUnit: plugins took 23.0607ms
[debug]           Load.loadUnit: defsScala took 0.0024ms
[debug] [Loading] Scanning directory E:\Parallel-and-distributed-computing\Lab4\project
[debug]             Load.loadUnit: mkEval took 4.1021ms
[debug] [Loading] Found non-root projects 
[debug] [Loading] Done in E:\Parallel-and-distributed-computing\Lab4\project, returning: ()
[debug] deducing auto plugins based on known facts Set(Atom(sbt.plugins.CorePlugin)) and clauses Clauses(Clause(Atom(sbt.plugins.JvmPlugin),Set(Atom(sbt.plugins.IvyPlugin)))
[debug] Clause(Atom(sbt.ScriptedPlugin),Set(Atom(sbt.plugins.JvmPlugin)))
[debug] Clause(Atom(sbt.plugins.SbtPlugin),Set(Atom(sbt.ScriptedPlugin)))
[debug] Clause(Atom(sbt.plugins.SemanticdbPlugin),Set(Atom(sbt.plugins.JvmPlugin)))
[debug] Clause(Atom(sbt.plugins.JUnitXmlReportPlugin),Set(Atom(sbt.plugins.JvmPlugin)))
[debug] Clause(Atom(sbt.plugins.MiniDependencyTreePlugin),Set(Atom(sbt.plugins.JvmPlugin)))
[debug] Clause(Atom(sbt.plugins.CorePlugin),Set(Atom(sbt.plugins.IvyPlugin)))
[debug] Clause(Atom(sbt.plugins.IvyPlugin),Set(Atom(sbt.plugins.JvmPlugin)))
[debug] Clause(Atom(sbt.plugins.JvmPlugin),Set(Atom(sbt.plugins.SemanticdbPlugin)))
[debug] Clause(Atom(sbt.plugins.JvmPlugin),Set(Atom(sbt.plugins.JUnitXmlReportPlugin)))
[debug] Clause(Atom(sbt.plugins.CorePlugin),Set(Atom(sbt.plugins.Giter8TemplatePlugin)))
[debug] Clause(Atom(sbt.plugins.JvmPlugin),Set(Atom(sbt.plugins.MiniDependencyTreePlugin))))
[debug]   :: deduced result: Matched(sbt.plugins.CorePlugin,sbt.plugins.Giter8TemplatePlugin,sbt.plugins.IvyPlugin,sbt.plugins.JvmPlugin,sbt.plugins.MiniDependencyTreePlugin,sbt.plugins.JUnitXmlReportPlugin,sbt.plugins.SemanticdbPlugin)
[debug] Plugins.deducer#function took 1.1909 ms
[info] loading settings for project lab4-build from idea1.sbt ...
[debug]               Load.resolveProject(lab4-build) took 2.8449ms
[debug]             Load.loadTransitive: finalizeProject(Project(id lab4-build, base: E:\Parallel-and-distributed-computing\Lab4\project, plugins: List(<none>))) took 4.5335ms
[debug] [Loading] Done in E:\Parallel-and-distributed-computing\Lab4\project, returning: (lab4-build)
[debug]           Load.loadUnit: loadedProjectsRaw took 131.3576ms
[debug]           Load.loadUnit: cleanEvalClasses took 7.4552ms
[debug]         Load.loadUnit(file:/E:/Parallel-and-distributed-computing/Lab4/project/, ...) took 162.5647ms
[debug]       Load.apply: load took 163.9867ms
[debug]       Load.apply: resolveProjects took 0.147ms
[debug]       Load.apply: finalTransforms took 10.2502ms
[debug]       Load.apply: config.delegates took 0.4477ms
[debug]       Load.apply: Def.make(settings)... took 67.0645ms
[debug]       Load.apply: structureIndex took 27.5814ms
[debug]       Load.apply: mkStreams took 0.0027ms
[info] loading project definition from E:\Parallel-and-distributed-computing\Lab4\project
[debug] Running task... Cancel: Signal, check cycles: false, forcegc: true
[debug]     Load.loadUnit: plugins took 1234.84ms
[debug]     Load.loadUnit: defsScala took 0.0031ms
[debug] [Loading] Scanning directory E:\Parallel-and-distributed-computing\Lab4
[debug]       Load.loadUnit: mkEval took 0.179ms
[debug] [Loading] Found root project root w/ remaining 
[debug] deducing auto plugins based on known facts Set(Atom(sbt.plugins.CorePlugin)) and clauses Clauses(Clause(Atom(sbt.plugins.JvmPlugin),Set(Atom(sbt.plugins.IvyPlugin)))
[debug] Clause(Atom(sbt.ScriptedPlugin),Set(Atom(sbt.plugins.JvmPlugin)))
[debug] Clause(Atom(sbt.plugins.SbtPlugin),Set(Atom(sbt.ScriptedPlugin)))
[debug] Clause(Atom(sbt.plugins.SemanticdbPlugin),Set(Atom(sbt.plugins.JvmPlugin)))
[debug] Clause(Atom(sbt.plugins.JUnitXmlReportPlugin),Set(Atom(sbt.plugins.JvmPlugin)))
[debug] Clause(Atom(sbt.plugins.MiniDependencyTreePlugin),Set(Atom(sbt.plugins.JvmPlugin)))
[debug] Clause(Atom(org.jetbrains.sbt.StructurePlugin),Set(Atom(sbt.plugins.JvmPlugin)))
[debug] Clause(Atom(org.jetbrains.sbt.IdeaShellPlugin),Set(Atom(sbt.plugins.JvmPlugin)))
[debug] Clause(Atom(sbt.plugins.CorePlugin),Set(Atom(sbt.plugins.IvyPlugin)))
[debug] Clause(Atom(sbt.plugins.IvyPlugin),Set(Atom(sbt.plugins.JvmPlugin)))
[debug] Clause(Atom(sbt.plugins.JvmPlugin),Set(Atom(sbt.plugins.SemanticdbPlugin)))
[debug] Clause(Atom(sbt.plugins.JvmPlugin),Set(Atom(sbt.plugins.JUnitXmlReportPlugin)))
[debug] Clause(Atom(sbt.plugins.CorePlugin),Set(Atom(sbt.plugins.Giter8TemplatePlugin)))
[debug] Clause(Atom(sbt.plugins.JvmPlugin),Set(Atom(sbt.plugins.MiniDependencyTreePlugin)))
[debug] Clause(Atom(sbt.plugins.JvmPlugin),Set(Atom(org.jetbrains.sbt.StructurePlugin)))
[debug] Clause(Atom(sbt.plugins.JvmPlugin),Set(Atom(org.jetbrains.sbt.IdeaShellPlugin))))
[debug]   :: deduced result: Matched(sbt.plugins.CorePlugin,sbt.plugins.Giter8TemplatePlugin,sbt.plugins.IvyPlugin,sbt.plugins.JvmPlugin,sbt.plugins.SemanticdbPlugin,sbt.plugins.JUnitXmlReportPlugin,org.jetbrains.sbt.IdeaShellPlugin,org.jetbrains.sbt.StructurePlugin,sbt.plugins.MiniDependencyTreePlugin)
[debug] Plugins.deducer#function took 3.0535 ms
[info] loading settings for project root from build.sbt ...
[debug]         Load.resolveProject(root) took 41.8023ms
[debug]       Load.loadTransitive: finalizeProject(Project(id root, base: E:\Parallel-and-distributed-computing\Lab4, plugins: List(<none>))) took 46.5966ms
[debug] [Loading] Done in E:\Parallel-and-distributed-computing\Lab4, returning: (root)
[debug]     Load.loadUnit: loadedProjectsRaw took 2685.8849ms
[debug]     Load.loadUnit: cleanEvalClasses took 18.5812ms
[debug]   Load.loadUnit(file:/E:/Parallel-and-distributed-computing/Lab4/, ...) took 3940.1586ms
[debug] Load.apply: load took 3941.8468ms
[debug] Load.apply: resolveProjects took 0.3685ms
[debug] Load.apply: finalTransforms took 30.031ms
[debug] Load.apply: config.delegates took 0.2573ms
[debug] Load.apply: Def.make(settings)... took 50.6696ms
[debug] Load.apply: structureIndex took 28.6334ms
[debug] Load.apply: mkStreams took 0.0031ms
[info] set current project to Lab4 (in build file:/E:/Parallel-and-distributed-computing/Lab4/)
[debug] > Exec(sbtPopOnFailure, None, None)
[debug] > Exec(resumeFromFailure, None, None)
[debug] > Exec(notifyUsersAboutShell, None, None)
[debug] > Exec(iflast shell, None, None)
[debug] > Exec(idea-shell, None, None)
